This is pdfTeX, Version 3.141592653-2.6-1.40.24 (MiKTeX 21.12.10) (preloaded format=pdflatex 2022.1.28)  9 FEB 2022 23:50
entering extended mode
 restricted \write18 enabled.
 file:line:error style messages enabled.
 %&-line parsing enabled.
**c:/Users/berke/Desktop/Ingenieurpraxis/Bericht/bericht.tex
(c:/Users/berke/Desktop/Ingenieurpraxis/Bericht/bericht.tex
LaTeX2e <2021-11-15> patch level 1
L3 programming layer <2022-01-21> (listhesis.cls
Document Class: listhesis 2017/07/21 v1.0 lis thesis
(C:\Users\berke\AppData\Local\Programs\MiKTeX\tex/latex/koma-script\scrreprt.cls
Document Class: scrreprt 2021/11/13 v3.35 KOMA-Script document class (report)
(C:\Users\berke\AppData\Local\Programs\MiKTeX\tex/latex/koma-script\scrkbase.sty
Package: scrkbase 2021/11/13 v3.35 KOMA-Script package (KOMA-Script-dependent basics and keyval usage)
 (C:\Users\berke\AppData\Local\Programs\MiKTeX\tex/latex/koma-script\scrbase.sty
Package: scrbase 2021/11/13 v3.35 KOMA-Script package (KOMA-Script-independent basics and keyval usage)
 (C:\Users\berke\AppData\Local\Programs\MiKTeX\tex/latex/koma-script\scrlfile.sty
Package: scrlfile 2021/11/13 v3.35 KOMA-Script package (file load hooks)
 (C:\Users\berke\AppData\Local\Programs\MiKTeX\tex/latex/koma-script\scrlfile-hook.sty
Package: scrlfile-hook 2021/11/13 v3.35 KOMA-Script package (using LaTeX hooks)
 (C:\Users\berke\AppData\Local\Programs\MiKTeX\tex/latex/koma-script\scrlogo.sty
Package: scrlogo 2021/11/13 v3.35 KOMA-Script package (logo)
))) (C:\Users\berke\AppData\Local\Programs\MiKTeX\tex/latex/graphics\keyval.sty
Package: keyval 2014/10/28 v1.15 key=value parser (DPC)
\KV@toks@=\toks16
)
Applying: [2021/05/01] Usage of raw or classic option list on input line 252.
Already applied: [0000/00/00] Usage of raw or classic option list on input line 368.
)) (C:\Users\berke\AppData\Local\Programs\MiKTeX\tex/latex/koma-script\tocbasic.sty
Package: tocbasic 2021/11/13 v3.35 KOMA-Script package (handling toc-files)
\scr@dte@tocline@numberwidth=\skip47
\scr@dte@tocline@numbox=\box50
)
Package tocbasic Info: babel extension for `toc' omitted
(tocbasic)             because of missing \bbl@set@language on input line 137.
Package scrreprt Info: You've used standard option `12pt'.
(scrreprt)             This is correct!
(scrreprt)             Internally I'm using `fontsize=12pt'.
(scrreprt)             If you'd like to set the option with \KOMAoptions,
(scrreprt)             you'd have to use `fontsize=12pt' there
(scrreprt)             instead of `12pt', too.
Class scrreprt Info: File `scrsize12pt.clo' used to setup font sizes on input line 2487.
 (C:\Users\berke\AppData\Local\Programs\MiKTeX\tex/latex/koma-script\scrsize12pt.clo
File: scrsize12pt.clo 2021/11/13 v3.35 KOMA-Script font size class option (12pt)
) (C:\Users\berke\AppData\Local\Programs\MiKTeX\tex/latex/koma-script\typearea.sty
Package: typearea 2021/11/13 v3.35 KOMA-Script package (type area)
\ta@bcor=\skip48
\ta@div=\count185
\ta@hblk=\skip49
\ta@vblk=\skip50
\ta@temp=\skip51
\footheight=\skip52
Package typearea Info: These are the values describing the layout:
(typearea)             DIV  = 12
(typearea)             BCOR = 0.0pt
(typearea)             \paperwidth      = 597.50793pt
(typearea)              \textwidth      = 448.13095pt
(typearea)              DIV departure   = -6%
(typearea)              \evensidemargin = 27.31467pt
(typearea)              \oddsidemargin  = -22.47766pt
(typearea)             \paperheight     = 845.04694pt
(typearea)              \textheight     = 635.5pt
(typearea)              \topmargin      = -41.72441pt
(typearea)              \headheight     = 18.125pt
(typearea)              \headsep        = 21.75pt
(typearea)              \topskip        = 12.0pt
(typearea)              \footskip       = 50.75pt
(typearea)              \baselineskip   = 14.5pt
(typearea)              on input line 1743.
)
\c@part=\count186
\c@chapter=\count187
\c@section=\count188
\c@subsection=\count189
\c@subsubsection=\count190
\c@paragraph=\count191
\c@subparagraph=\count192
\scr@dte@chapter@maxnumwidth=\skip53
Class scrreprt Info: using compatibility default `afterindent=bysign'
(scrreprt)           for `\chapter on input line 5717.
\scr@dte@section@maxnumwidth=\skip54
Class scrreprt Info: using compatibility default `runin=bysign'
(scrreprt)           for `\section on input line 5728.
Class scrreprt Info: using compatibility default `afterindent=bysign'
(scrreprt)           for `\section on input line 5728.
\scr@dte@part@maxnumwidth=\skip55
Class scrreprt Info: using compatibility default `afterindent=true'
(scrreprt)           for `\part on input line 5737.
\scr@dte@subsection@maxnumwidth=\skip56
Class scrreprt Info: using compatibility default `runin=bysign'
(scrreprt)           for `\subsection on input line 5747.
Class scrreprt Info: using compatibility default `afterindent=bysign'
(scrreprt)           for `\subsection on input line 5747.
\scr@dte@subsubsection@maxnumwidth=\skip57
Class scrreprt Info: using compatibility default `runin=bysign'
(scrreprt)           for `\subsubsection on input line 5757.
Class scrreprt Info: using compatibility default `afterindent=bysign'
(scrreprt)           for `\subsubsection on input line 5757.
\scr@dte@paragraph@maxnumwidth=\skip58
Class scrreprt Info: using compatibility default `runin=bysign'
(scrreprt)           for `\paragraph on input line 5768.
Class scrreprt Info: using compatibility default `afterindent=bysign'
(scrreprt)           for `\paragraph on input line 5768.
\scr@dte@subparagraph@maxnumwidth=\skip59
Class scrreprt Info: using compatibility default `runin=bysign'
(scrreprt)           for `\subparagraph on input line 5778.
Class scrreprt Info: using compatibility default `afterindent=bysign'
(scrreprt)           for `\subparagraph on input line 5778.
\abovecaptionskip=\skip60
\belowcaptionskip=\skip61
\c@pti@nb@sid@b@x=\box51
Package tocbasic Info: babel extension for `lof' omitted
(tocbasic)             because of missing \bbl@set@language on input line 6958.
\scr@dte@figure@maxnumwidth=\skip62
\c@figure=\count193
Package tocbasic Info: babel extension for `lot' omitted
(tocbasic)             because of missing \bbl@set@language on input line 6974.
\scr@dte@table@maxnumwidth=\skip63
\c@table=\count194
Class scrreprt Info: Redefining `\numberline' on input line 7142.
\bibindent=\dimen138
) (C:\Users\berke\AppData\Local\Programs\MiKTeX\tex/latex/base\inputenc.sty
Package: inputenc 2021/02/14 v1.3d Input encoding file
\inpenc@prehook=\toks17
\inpenc@posthook=\toks18
) (C:\Users\berke\AppData\Local\Programs\MiKTeX\tex/generic/babel\babel.sty
Package: babel 2021/12/30 3.69 The Babel package
\babel@savecnt=\count195
\U@D=\dimen139
\l@unhyphenated=\language79
 (C:\Users\berke\AppData\Local\Programs\MiKTeX\tex/generic/babel\txtbabel.def)
\bbl@readstream=\read2
\bbl@dirlevel=\count196

*************************************
* Local config file bblopts.cfg used
*
(C:\Users\berke\AppData\Local\Programs\MiKTeX\tex/latex/arabi\bblopts.cfg
File: bblopts.cfg 2005/09/08 v0.1 add Arabic and Farsi to "declared" options of babel
) (C:\Users\berke\AppData\Local\Programs\MiKTeX\tex/latex/babel-german\ngerman.ldf
Language: ngerman 2021/02/27 v2.13 German support for babel (post-1996 orthography)
 (C:\Users\berke\AppData\Local\Programs\MiKTeX\tex/latex/babel-german\ngermanb.ldf
Language: ngermanb 2021/02/27 v2.13 German support for babel (post-1996 orthography)
Package babel Info: Making " an active character on input line 122.
)) (C:\Users\berke\AppData\Local\Programs\MiKTeX\tex/latex/babel-english\english.ldf
Language: english 2017/06/06 v3.3r English support from the babel system
Package babel Info: Hyphen rules for 'canadian' set to \l@english
(babel)             (\language0). Reported on input line 102.
Package babel Info: Hyphen rules for 'australian' set to \l@ukenglish
(babel)             (\language73). Reported on input line 105.
Package babel Info: Hyphen rules for 'newzealand' set to \l@ukenglish
(babel)             (\language73). Reported on input line 108.
)) (C:\Users\berke\AppData\Local\Programs\MiKTeX\tex/latex/geometry\geometry.sty
Package: geometry 2020/01/02 v5.9 Page Geometry
 (C:\Users\berke\AppData\Local\Programs\MiKTeX\tex/generic/iftex\ifvtex.sty
Package: ifvtex 2019/10/25 v1.7 ifvtex legacy package. Use iftex instead.
 (C:\Users\berke\AppData\Local\Programs\MiKTeX\tex/generic/iftex\iftex.sty
Package: iftex 2020/03/06 v1.0d TeX engine tests
))
\Gm@cnth=\count197
\Gm@cntv=\count198
\c@Gm@tempcnt=\count199
\Gm@bindingoffset=\dimen140
\Gm@wd@mp=\dimen141
\Gm@odd@mp=\dimen142
\Gm@even@mp=\dimen143
\Gm@layoutwidth=\dimen144
\Gm@layoutheight=\dimen145
\Gm@layouthoffset=\dimen146
\Gm@layoutvoffset=\dimen147
\Gm@dimlist=\toks19
 (C:\Users\berke\AppData\Local\Programs\MiKTeX\tex/latex/geometry\geometry.cfg)) (C:\Users\berke\AppData\Local\Programs\MiKTeX\tex/latex/xkeyval\xkeyval.sty
Package: xkeyval 2020/11/20 v2.8 package option processing (HA)
 (C:\Users\berke\AppData\Local\Programs\MiKTeX\tex/generic/xkeyval\xkeyval.tex (C:\Users\berke\AppData\Local\Programs\MiKTeX\tex/generic/xkeyval\xkvutils.tex
\XKV@toks=\toks20
\XKV@tempa@toks=\toks21
)
\XKV@depth=\count266
File: xkeyval.tex 2014/12/03 v2.7a key=value parser (HA)
)) (C:\Users\berke\AppData\Local\Programs\MiKTeX\tex/latex/pgf/frontendlayer\tikz.sty (C:\Users\berke\AppData\Local\Programs\MiKTeX\tex/latex/pgf/basiclayer\pgf.sty (C:\Users\berke\AppData\Local\Programs\MiKTeX\tex/latex/pgf/utilities\pgfrcs.sty (C:\Users\berke\AppData\Local\Programs\MiKTeX\tex/generic/pgf/utilities\pgfutil-common.tex
\pgfutil@everybye=\toks22
\pgfutil@tempdima=\dimen148
\pgfutil@tempdimb=\dimen149
 (C:\Users\berke\AppData\Local\Programs\MiKTeX\tex/generic/pgf/utilities\pgfutil-common-lists.tex)) (C:\Users\berke\AppData\Local\Programs\MiKTeX\tex/generic/pgf/utilities\pgfutil-latex.def
\pgfutil@abb=\box52
) (C:\Users\berke\AppData\Local\Programs\MiKTeX\tex/generic/pgf/utilities\pgfrcs.code.tex (C:\Users\berke\AppData\Local\Programs\MiKTeX\tex/generic/pgf\pgf.revision.tex)
Package: pgfrcs 2021/05/15 v3.1.9a (3.1.9a)
))
Package: pgf 2021/05/15 v3.1.9a (3.1.9a)
 (C:\Users\berke\AppData\Local\Programs\MiKTeX\tex/latex/pgf/basiclayer\pgfcore.sty (C:\Users\berke\AppData\Local\Programs\MiKTeX\tex/latex/graphics\graphicx.sty
Package: graphicx 2021/09/16 v1.2d Enhanced LaTeX Graphics (DPC,SPQR)
 (C:\Users\berke\AppData\Local\Programs\MiKTeX\tex/latex/graphics\graphics.sty
Package: graphics 2021/03/04 v1.4d Standard LaTeX Graphics (DPC,SPQR)
 (C:\Users\berke\AppData\Local\Programs\MiKTeX\tex/latex/graphics\trig.sty
Package: trig 2021/08/11 v1.11 sin cos tan (DPC)
) (C:\Users\berke\AppData\Local\Programs\MiKTeX\tex/latex/graphics-cfg\graphics.cfg
File: graphics.cfg 2016/06/04 v1.11 sample graphics configuration
)
Package graphics Info: Driver file: pdftex.def on input line 107.
 (C:\Users\berke\AppData\Local\Programs\MiKTeX\tex/latex/graphics-def\pdftex.def
File: pdftex.def 2020/10/05 v1.2a Graphics/color driver for pdftex
))
\Gin@req@height=\dimen150
\Gin@req@width=\dimen151
) (C:\Users\berke\AppData\Local\Programs\MiKTeX\tex/latex/pgf/systemlayer\pgfsys.sty (C:\Users\berke\AppData\Local\Programs\MiKTeX\tex/generic/pgf/systemlayer\pgfsys.code.tex
Package: pgfsys 2021/05/15 v3.1.9a (3.1.9a)
 (C:\Users\berke\AppData\Local\Programs\MiKTeX\tex/generic/pgf/utilities\pgfkeys.code.tex
\pgfkeys@pathtoks=\toks23
\pgfkeys@temptoks=\toks24
 (C:\Users\berke\AppData\Local\Programs\MiKTeX\tex/generic/pgf/utilities\pgfkeysfiltered.code.tex
\pgfkeys@tmptoks=\toks25
))
\pgf@x=\dimen152
\pgf@y=\dimen153
\pgf@xa=\dimen154
\pgf@ya=\dimen155
\pgf@xb=\dimen156
\pgf@yb=\dimen157
\pgf@xc=\dimen158
\pgf@yc=\dimen159
\pgf@xd=\dimen160
\pgf@yd=\dimen161
\w@pgf@writea=\write3
\r@pgf@reada=\read3
\c@pgf@counta=\count267
\c@pgf@countb=\count268
\c@pgf@countc=\count269
\c@pgf@countd=\count270
\t@pgf@toka=\toks26
\t@pgf@tokb=\toks27
\t@pgf@tokc=\toks28
\pgf@sys@id@count=\count271
 (C:\Users\berke\AppData\Local\Programs\MiKTeX\tex/generic/pgf/systemlayer\pgf.cfg
File: pgf.cfg 2021/05/15 v3.1.9a (3.1.9a)
)
Driver file for pgf: pgfsys-pdftex.def
 (C:\Users\berke\AppData\Local\Programs\MiKTeX\tex/generic/pgf/systemlayer\pgfsys-pdftex.def
File: pgfsys-pdftex.def 2021/05/15 v3.1.9a (3.1.9a)
 (C:\Users\berke\AppData\Local\Programs\MiKTeX\tex/generic/pgf/systemlayer\pgfsys-common-pdf.def
File: pgfsys-common-pdf.def 2021/05/15 v3.1.9a (3.1.9a)
))) (C:\Users\berke\AppData\Local\Programs\MiKTeX\tex/generic/pgf/systemlayer\pgfsyssoftpath.code.tex
File: pgfsyssoftpath.code.tex 2021/05/15 v3.1.9a (3.1.9a)
\pgfsyssoftpath@smallbuffer@items=\count272
\pgfsyssoftpath@bigbuffer@items=\count273
) (C:\Users\berke\AppData\Local\Programs\MiKTeX\tex/generic/pgf/systemlayer\pgfsysprotocol.code.tex
File: pgfsysprotocol.code.tex 2021/05/15 v3.1.9a (3.1.9a)
)) (C:\Users\berke\AppData\Local\Programs\MiKTeX\tex/latex/xcolor\xcolor.sty
Package: xcolor 2021/10/31 v2.13 LaTeX color extensions (UK)
 (C:\Users\berke\AppData\Local\Programs\MiKTeX\tex/latex/graphics-cfg\color.cfg
File: color.cfg 2016/01/02 v1.6 sample color configuration
)
Package xcolor Info: Driver file: pdftex.def on input line 227.
Package xcolor Info: Model `cmy' substituted by `cmy0' on input line 1352.
Package xcolor Info: Model `hsb' substituted by `rgb' on input line 1356.
Package xcolor Info: Model `RGB' extended on input line 1368.
Package xcolor Info: Model `HTML' substituted by `rgb' on input line 1370.
Package xcolor Info: Model `Hsb' substituted by `hsb' on input line 1371.
Package xcolor Info: Model `tHsb' substituted by `hsb' on input line 1372.
Package xcolor Info: Model `HSB' substituted by `hsb' on input line 1373.
Package xcolor Info: Model `Gray' substituted by `gray' on input line 1374.
Package xcolor Info: Model `wave' substituted by `hsb' on input line 1375.
) (C:\Users\berke\AppData\Local\Programs\MiKTeX\tex/generic/pgf/basiclayer\pgfcore.code.tex
Package: pgfcore 2021/05/15 v3.1.9a (3.1.9a)
 (C:\Users\berke\AppData\Local\Programs\MiKTeX\tex/generic/pgf/math\pgfmath.code.tex (C:\Users\berke\AppData\Local\Programs\MiKTeX\tex/generic/pgf/math\pgfmathcalc.code.tex (C:\Users\berke\AppData\Local\Programs\MiKTeX\tex/generic/pgf/math\pgfmathutil.code.tex) (C:\Users\berke\AppData\Local\Programs\MiKTeX\tex/generic/pgf/math\pgfmathparser.code.tex
\pgfmath@dimen=\dimen162
\pgfmath@count=\count274
\pgfmath@box=\box53
\pgfmath@toks=\toks29
\pgfmath@stack@operand=\toks30
\pgfmath@stack@operation=\toks31
) (C:\Users\berke\AppData\Local\Programs\MiKTeX\tex/generic/pgf/math\pgfmathfunctions.code.tex (C:\Users\berke\AppData\Local\Programs\MiKTeX\tex/generic/pgf/math\pgfmathfunctions.basic.code.tex) (C:\Users\berke\AppData\Local\Programs\MiKTeX\tex/generic/pgf/math\pgfmathfunctions.trigonometric.code.tex) (C:\Users\berke\AppData\Local\Programs\MiKTeX\tex/generic/pgf/math\pgfmathfunctions.random.code.tex) (C:\Users\berke\AppData\Local\Programs\MiKTeX\tex/generic/pgf/math\pgfmathfunctions.comparison.code.tex) (C:\Users\berke\AppData\Local\Programs\MiKTeX\tex/generic/pgf/math\pgfmathfunctions.base.code.tex) (C:\Users\berke\AppData\Local\Programs\MiKTeX\tex/generic/pgf/math\pgfmathfunctions.round.code.tex) (C:\Users\berke\AppData\Local\Programs\MiKTeX\tex/generic/pgf/math\pgfmathfunctions.misc.code.tex) (C:\Users\berke\AppData\Local\Programs\MiKTeX\tex/generic/pgf/math\pgfmathfunctions.integerarithmetics.code.tex))) (C:\Users\berke\AppData\Local\Programs\MiKTeX\tex/generic/pgf/math\pgfmathfloat.code.tex
\c@pgfmathroundto@lastzeros=\count275
)) (C:\Users\berke\AppData\Local\Programs\MiKTeX\tex/generic/pgf/math\pgfint.code.tex) (C:\Users\berke\AppData\Local\Programs\MiKTeX\tex/generic/pgf/basiclayer\pgfcorepoints.code.tex
File: pgfcorepoints.code.tex 2021/05/15 v3.1.9a (3.1.9a)
\pgf@picminx=\dimen163
\pgf@picmaxx=\dimen164
\pgf@picminy=\dimen165
\pgf@picmaxy=\dimen166
\pgf@pathminx=\dimen167
\pgf@pathmaxx=\dimen168
\pgf@pathminy=\dimen169
\pgf@pathmaxy=\dimen170
\pgf@xx=\dimen171
\pgf@xy=\dimen172
\pgf@yx=\dimen173
\pgf@yy=\dimen174
\pgf@zx=\dimen175
\pgf@zy=\dimen176
) (C:\Users\berke\AppData\Local\Programs\MiKTeX\tex/generic/pgf/basiclayer\pgfcorepathconstruct.code.tex
File: pgfcorepathconstruct.code.tex 2021/05/15 v3.1.9a (3.1.9a)
\pgf@path@lastx=\dimen177
\pgf@path@lasty=\dimen178
) (C:\Users\berke\AppData\Local\Programs\MiKTeX\tex/generic/pgf/basiclayer\pgfcorepathusage.code.tex
File: pgfcorepathusage.code.tex 2021/05/15 v3.1.9a (3.1.9a)
\pgf@shorten@end@additional=\dimen179
\pgf@shorten@start@additional=\dimen180
) (C:\Users\berke\AppData\Local\Programs\MiKTeX\tex/generic/pgf/basiclayer\pgfcorescopes.code.tex
File: pgfcorescopes.code.tex 2021/05/15 v3.1.9a (3.1.9a)
\pgfpic=\box54
\pgf@hbox=\box55
\pgf@layerbox@main=\box56
\pgf@picture@serial@count=\count276
) (C:\Users\berke\AppData\Local\Programs\MiKTeX\tex/generic/pgf/basiclayer\pgfcoregraphicstate.code.tex
File: pgfcoregraphicstate.code.tex 2021/05/15 v3.1.9a (3.1.9a)
\pgflinewidth=\dimen181
) (C:\Users\berke\AppData\Local\Programs\MiKTeX\tex/generic/pgf/basiclayer\pgfcoretransformations.code.tex
File: pgfcoretransformations.code.tex 2021/05/15 v3.1.9a (3.1.9a)
\pgf@pt@x=\dimen182
\pgf@pt@y=\dimen183
\pgf@pt@temp=\dimen184
) (C:\Users\berke\AppData\Local\Programs\MiKTeX\tex/generic/pgf/basiclayer\pgfcorequick.code.tex
File: pgfcorequick.code.tex 2021/05/15 v3.1.9a (3.1.9a)
) (C:\Users\berke\AppData\Local\Programs\MiKTeX\tex/generic/pgf/basiclayer\pgfcoreobjects.code.tex
File: pgfcoreobjects.code.tex 2021/05/15 v3.1.9a (3.1.9a)
) (C:\Users\berke\AppData\Local\Programs\MiKTeX\tex/generic/pgf/basiclayer\pgfcorepathprocessing.code.tex
File: pgfcorepathprocessing.code.tex 2021/05/15 v3.1.9a (3.1.9a)
) (C:\Users\berke\AppData\Local\Programs\MiKTeX\tex/generic/pgf/basiclayer\pgfcorearrows.code.tex
File: pgfcorearrows.code.tex 2021/05/15 v3.1.9a (3.1.9a)
\pgfarrowsep=\dimen185
) (C:\Users\berke\AppData\Local\Programs\MiKTeX\tex/generic/pgf/basiclayer\pgfcoreshade.code.tex
File: pgfcoreshade.code.tex 2021/05/15 v3.1.9a (3.1.9a)
\pgf@max=\dimen186
\pgf@sys@shading@range@num=\count277
\pgf@shadingcount=\count278
) (C:\Users\berke\AppData\Local\Programs\MiKTeX\tex/generic/pgf/basiclayer\pgfcoreimage.code.tex
File: pgfcoreimage.code.tex 2021/05/15 v3.1.9a (3.1.9a)
 (C:\Users\berke\AppData\Local\Programs\MiKTeX\tex/generic/pgf/basiclayer\pgfcoreexternal.code.tex
File: pgfcoreexternal.code.tex 2021/05/15 v3.1.9a (3.1.9a)
\pgfexternal@startupbox=\box57
)) (C:\Users\berke\AppData\Local\Programs\MiKTeX\tex/generic/pgf/basiclayer\pgfcorelayers.code.tex
File: pgfcorelayers.code.tex 2021/05/15 v3.1.9a (3.1.9a)
) (C:\Users\berke\AppData\Local\Programs\MiKTeX\tex/generic/pgf/basiclayer\pgfcoretransparency.code.tex
File: pgfcoretransparency.code.tex 2021/05/15 v3.1.9a (3.1.9a)
) (C:\Users\berke\AppData\Local\Programs\MiKTeX\tex/generic/pgf/basiclayer\pgfcorepatterns.code.tex
File: pgfcorepatterns.code.tex 2021/05/15 v3.1.9a (3.1.9a)
) (C:\Users\berke\AppData\Local\Programs\MiKTeX\tex/generic/pgf/basiclayer\pgfcorerdf.code.tex
File: pgfcorerdf.code.tex 2021/05/15 v3.1.9a (3.1.9a)
))) (C:\Users\berke\AppData\Local\Programs\MiKTeX\tex/generic/pgf/modules\pgfmoduleshapes.code.tex
File: pgfmoduleshapes.code.tex 2021/05/15 v3.1.9a (3.1.9a)
\pgfnodeparttextbox=\box58
) (C:\Users\berke\AppData\Local\Programs\MiKTeX\tex/generic/pgf/modules\pgfmoduleplot.code.tex
File: pgfmoduleplot.code.tex 2021/05/15 v3.1.9a (3.1.9a)
) (C:\Users\berke\AppData\Local\Programs\MiKTeX\tex/latex/pgf/compatibility\pgfcomp-version-0-65.sty
Package: pgfcomp-version-0-65 2021/05/15 v3.1.9a (3.1.9a)
\pgf@nodesepstart=\dimen187
\pgf@nodesepend=\dimen188
) (C:\Users\berke\AppData\Local\Programs\MiKTeX\tex/latex/pgf/compatibility\pgfcomp-version-1-18.sty
Package: pgfcomp-version-1-18 2021/05/15 v3.1.9a (3.1.9a)
)) (C:\Users\berke\AppData\Local\Programs\MiKTeX\tex/latex/pgf/utilities\pgffor.sty (C:\Users\berke\AppData\Local\Programs\MiKTeX\tex/latex/pgf/utilities\pgfkeys.sty (C:\Users\berke\AppData\Local\Programs\MiKTeX\tex/generic/pgf/utilities\pgfkeys.code.tex)) (C:\Users\berke\AppData\Local\Programs\MiKTeX\tex/latex/pgf/math\pgfmath.sty (C:\Users\berke\AppData\Local\Programs\MiKTeX\tex/generic/pgf/math\pgfmath.code.tex)) (C:\Users\berke\AppData\Local\Programs\MiKTeX\tex/generic/pgf/utilities\pgffor.code.tex
Package: pgffor 2021/05/15 v3.1.9a (3.1.9a)
 (C:\Users\berke\AppData\Local\Programs\MiKTeX\tex/generic/pgf/math\pgfmath.code.tex)
\pgffor@iter=\dimen189
\pgffor@skip=\dimen190
\pgffor@stack=\toks32
\pgffor@toks=\toks33
)) (C:\Users\berke\AppData\Local\Programs\MiKTeX\tex/generic/pgf/frontendlayer/tikz\tikz.code.tex
Package: tikz 2021/05/15 v3.1.9a (3.1.9a)
 (C:\Users\berke\AppData\Local\Programs\MiKTeX\tex/generic/pgf/libraries\pgflibraryplothandlers.code.tex
File: pgflibraryplothandlers.code.tex 2021/05/15 v3.1.9a (3.1.9a)
\pgf@plot@mark@count=\count279
\pgfplotmarksize=\dimen191
)
\tikz@lastx=\dimen192
\tikz@lasty=\dimen193
\tikz@lastxsaved=\dimen194
\tikz@lastysaved=\dimen195
\tikz@lastmovetox=\dimen196
\tikz@lastmovetoy=\dimen197
\tikzleveldistance=\dimen198
\tikzsiblingdistance=\dimen199
\tikz@figbox=\box59
\tikz@figbox@bg=\box60
\tikz@tempbox=\box61
\tikz@tempbox@bg=\box62
\tikztreelevel=\count280
\tikznumberofchildren=\count281
\tikznumberofcurrentchild=\count282
\tikz@fig@count=\count283
 (C:\Users\berke\AppData\Local\Programs\MiKTeX\tex/generic/pgf/modules\pgfmodulematrix.code.tex
File: pgfmodulematrix.code.tex 2021/05/15 v3.1.9a (3.1.9a)
\pgfmatrixcurrentrow=\count284
\pgfmatrixcurrentcolumn=\count285
\pgf@matrix@numberofcolumns=\count286
)
\tikz@expandcount=\count287
 (C:\Users\berke\AppData\Local\Programs\MiKTeX\tex/generic/pgf/frontendlayer/tikz/libraries\tikzlibrarytopaths.code.tex
File: tikzlibrarytopaths.code.tex 2021/05/15 v3.1.9a (3.1.9a)
))) (C:\Users\berke\AppData\Local\Programs\MiKTeX\tex/latex/hyperref\hyperref.sty
Package: hyperref 2021-06-07 v7.00m Hypertext links for LaTeX
 (C:\Users\berke\AppData\Local\Programs\MiKTeX\tex/generic/ltxcmds\ltxcmds.sty
Package: ltxcmds 2020-05-10 v1.25 LaTeX kernel commands for general use (HO)
) (C:\Users\berke\AppData\Local\Programs\MiKTeX\tex/generic/pdftexcmds\pdftexcmds.sty
Package: pdftexcmds 2020-06-27 v0.33 Utility functions of pdfTeX for LuaTeX (HO)
 (C:\Users\berke\AppData\Local\Programs\MiKTeX\tex/generic/infwarerr\infwarerr.sty
Package: infwarerr 2019/12/03 v1.5 Providing info/warning/error messages (HO)
)
Package pdftexcmds Info: \pdf@primitive is available.
Package pdftexcmds Info: \pdf@ifprimitive is available.
Package pdftexcmds Info: \pdfdraftmode found.
) (C:\Users\berke\AppData\Local\Programs\MiKTeX\tex/generic/kvsetkeys\kvsetkeys.sty
Package: kvsetkeys 2019/12/15 v1.18 Key value parser (HO)
) (C:\Users\berke\AppData\Local\Programs\MiKTeX\tex/generic/kvdefinekeys\kvdefinekeys.sty
Package: kvdefinekeys 2019-12-19 v1.6 Define keys (HO)
) (C:\Users\berke\AppData\Local\Programs\MiKTeX\tex/generic/pdfescape\pdfescape.sty
Package: pdfescape 2019/12/09 v1.15 Implements pdfTeX's escape features (HO)
) (C:\Users\berke\AppData\Local\Programs\MiKTeX\tex/latex/hycolor\hycolor.sty
Package: hycolor 2020-01-27 v1.10 Color options for hyperref/bookmark (HO)
) (C:\Users\berke\AppData\Local\Programs\MiKTeX\tex/latex/letltxmacro\letltxmacro.sty
Package: letltxmacro 2019/12/03 v1.6 Let assignment for LaTeX macros (HO)
) (C:\Users\berke\AppData\Local\Programs\MiKTeX\tex/latex/auxhook\auxhook.sty
Package: auxhook 2019-12-17 v1.6 Hooks for auxiliary files (HO)
) (C:\Users\berke\AppData\Local\Programs\MiKTeX\tex/latex/kvoptions\kvoptions.sty
Package: kvoptions 2020-10-07 v3.14 Key value format for package options (HO)
)
\@linkdim=\dimen256
\Hy@linkcounter=\count288
\Hy@pagecounter=\count289
 (C:\Users\berke\AppData\Local\Programs\MiKTeX\tex/latex/hyperref\pd1enc.def
File: pd1enc.def 2021-06-07 v7.00m Hyperref: PDFDocEncoding definition (HO)
Now handling font encoding PD1 ...
... no UTF-8 mapping file for font encoding PD1
) (C:\Users\berke\AppData\Local\Programs\MiKTeX\tex/latex/hyperref\hyperref-langpatches.def
File: hyperref-langpatches.def 2021-06-07 v7.00m Hyperref: patches for babel languages
) (C:\Users\berke\AppData\Local\Programs\MiKTeX\tex/generic/intcalc\intcalc.sty
Package: intcalc 2019/12/15 v1.3 Expandable calculations with integers (HO)
) (C:\Users\berke\AppData\Local\Programs\MiKTeX\tex/generic/etexcmds\etexcmds.sty
Package: etexcmds 2019/12/15 v1.7 Avoid name clashes with e-TeX commands (HO)
)
\Hy@SavedSpaceFactor=\count290
 (C:\Users\berke\AppData\Local\Programs\MiKTeX\tex/latex/hyperref\puenc.def
File: puenc.def 2021-06-07 v7.00m Hyperref: PDF Unicode definition (HO)
Now handling font encoding PU ...
... no UTF-8 mapping file for font encoding PU
)
Package hyperref Info: Option `bookmarksnumbered' set `true' on input line 4073.
Package hyperref Info: Hyper figures OFF on input line 4192.
Package hyperref Info: Link nesting OFF on input line 4197.
Package hyperref Info: Hyper index ON on input line 4200.
Package hyperref Info: Plain pages OFF on input line 4207.
Package hyperref Info: Backreferencing OFF on input line 4212.
Package hyperref Info: Implicit mode ON; LaTeX internals redefined.
Package hyperref Info: Bookmarks ON on input line 4445.
\c@Hy@tempcnt=\count291
 (C:\Users\berke\AppData\Local\Programs\MiKTeX\tex/latex/url\url.sty
\Urlmuskip=\muskip16
Package: url 2013/09/16  ver 3.4  Verb mode for urls, etc.
)
LaTeX Info: Redefining \url on input line 4804.
\XeTeXLinkMargin=\dimen257
 (C:\Users\berke\AppData\Local\Programs\MiKTeX\tex/generic/bitset\bitset.sty
Package: bitset 2019/12/09 v1.3 Handle bit-vector datatype (HO)
 (C:\Users\berke\AppData\Local\Programs\MiKTeX\tex/generic/bigintcalc\bigintcalc.sty
Package: bigintcalc 2019/12/15 v1.5 Expandable calculations on big integers (HO)
))
\Fld@menulength=\count292
\Field@Width=\dimen258
\Fld@charsize=\dimen259
Package hyperref Info: Hyper figures OFF on input line 6076.
Package hyperref Info: Link nesting OFF on input line 6081.
Package hyperref Info: Hyper index ON on input line 6084.
Package hyperref Info: backreferencing OFF on input line 6091.
Package hyperref Info: Link coloring OFF on input line 6096.
Package hyperref Info: Link coloring with OCG OFF on input line 6101.
Package hyperref Info: PDF/A mode OFF on input line 6106.
LaTeX Info: Redefining \ref on input line 6146.
LaTeX Info: Redefining \pageref on input line 6150.
 (C:\Users\berke\AppData\Local\Programs\MiKTeX\tex/latex/base\atbegshi-ltx.sty
Package: atbegshi-ltx 2021/01/10 v1.0c Emulation of the original atbegshi
package with kernel methods
)
\Hy@abspage=\count293
\c@Item=\count294
\c@Hfootnote=\count295
)
Package hyperref Info: Driver (autodetected): hpdftex.
 (C:\Users\berke\AppData\Local\Programs\MiKTeX\tex/latex/hyperref\hpdftex.def
File: hpdftex.def 2021-06-07 v7.00m Hyperref driver for pdfTeX
 (C:\Users\berke\AppData\Local\Programs\MiKTeX\tex/latex/base\atveryend-ltx.sty
Package: atveryend-ltx 2020/08/19 v1.0a Emulation of the original atveryend package
with kernel methods
)
\Fld@listcount=\count296
\c@bookmark@seq@number=\count297
 (C:\Users\berke\AppData\Local\Programs\MiKTeX\tex/latex/rerunfilecheck\rerunfilecheck.sty
Package: rerunfilecheck 2019/12/05 v1.9 Rerun checks for auxiliary files (HO)
 (C:\Users\berke\AppData\Local\Programs\MiKTeX\tex/generic/uniquecounter\uniquecounter.sty
Package: uniquecounter 2019/12/15 v1.4 Provide unlimited unique counter (HO)
)
Package uniquecounter Info: New unique counter `rerunfilecheck' on input line 286.
)
\Hy@SectionHShift=\skip64
)) (C:\Users\berke\AppData\Local\Programs\MiKTeX\tex/latex/tools\afterpage.sty
Package: afterpage 2014/10/28 v1.08 After-Page Package (DPC)
\AP@output=\toks34
\AP@partial=\box63
\AP@footins=\box64
) (C:\Users\berke\AppData\Local\Programs\MiKTeX\tex/latex/multirow\multirow.sty
Package: multirow 2021/03/15 v2.8 Span multiple rows of a table
\multirow@colwidth=\skip65
\multirow@cntb=\count298
\multirow@dima=\skip66
\bigstrutjot=\dimen260
) (C:\Users\berke\AppData\Local\Programs\MiKTeX\tex/latex/moreverb\moreverb.sty
Package: moreverb 2008/06/03 v2.3a `more' verbatim facilities
 (C:\Users\berke\AppData\Local\Programs\MiKTeX\tex/latex/tools\verbatim.sty
Package: verbatim 2020-07-07 v1.5u LaTeX2e package for verbatim enhancements
\every@verbatim=\toks35
\verbatim@line=\toks36
\verbatim@in@stream=\read4
)
\tab@position=\count299
\tab@size=\count300
\listing@line=\count301
)
(C:\Users\berke\AppData\Local\Programs\MiKTeX\tex/latex/listings\listings.sty
\lst@mode=\count302
\lst@gtempboxa=\box65
\lst@token=\toks37
\lst@length=\count303
\lst@currlwidth=\dimen261
\lst@column=\count304
\lst@pos=\count305
\lst@lostspace=\dimen262
\lst@width=\dimen263
\lst@newlines=\count306
\lst@lineno=\count307
\lst@maxwidth=\dimen264
 (C:\Users\berke\AppData\Local\Programs\MiKTeX\tex/latex/listings\lstmisc.sty
File: lstmisc.sty 2020/03/24 1.8d (Carsten Heinz)
\c@lstnumber=\count308
\lst@skipnumbers=\count309
\lst@framebox=\box66
) (C:\Users\berke\AppData\Local\Programs\MiKTeX\tex/latex/listings\listings.cfg
File: listings.cfg 2020/03/24 1.8d listings configuration
))
Package: listings 2020/03/24 1.8d (Carsten Heinz)
 (C:\Users\berke\AppData\Local\Programs\MiKTeX\tex/latex/tcolorbox\tcolorbox.sty
Package: tcolorbox 2022/01/07 version 5.0.2 text color boxes
 (C:\Users\berke\AppData\Local\Programs\MiKTeX\tex/latex/environ\environ.sty
Package: environ 2014/05/04 v0.3 A new way to define environments
 (C:\Users\berke\AppData\Local\Programs\MiKTeX\tex/latex/trimspaces\trimspaces.sty
Package: trimspaces 2009/09/17 v1.1 Trim spaces around a token list
)
\@envbody=\toks38
) (C:\Users\berke\AppData\Local\Programs\MiKTeX\tex/latex/etoolbox\etoolbox.sty
Package: etoolbox 2020/10/05 v2.5k e-TeX tools for LaTeX (JAW)
\etb@tempcnta=\count310
)
\tcb@titlebox=\box67
\tcb@upperbox=\box68
\tcb@lowerbox=\box69
\tcb@phantombox=\box70
\c@tcbbreakpart=\count311
\c@tcblayer=\count312
\c@tcolorbox@number=\count313
\tcb@temp=\box71
\tcb@temp=\box72
\tcb@temp=\box73
\tcb@temp=\box74
) (C:\Users\berke\AppData\Local\Programs\MiKTeX\tex/latex/amsmath\amsmath.sty
Package: amsmath 2021/10/15 v2.17l AMS math features
\@mathmargin=\skip67

For additional information on amsmath, use the `?' option.
(C:\Users\berke\AppData\Local\Programs\MiKTeX\tex/latex/amsmath\amstext.sty
Package: amstext 2021/08/26 v2.01 AMS text
 (C:\Users\berke\AppData\Local\Programs\MiKTeX\tex/latex/amsmath\amsgen.sty
File: amsgen.sty 1999/11/30 v2.0 generic functions
\@emptytoks=\toks39
\ex@=\dimen265
)) (C:\Users\berke\AppData\Local\Programs\MiKTeX\tex/latex/amsmath\amsbsy.sty
Package: amsbsy 1999/11/29 v1.2d Bold Symbols
\pmbraise@=\dimen266
) (C:\Users\berke\AppData\Local\Programs\MiKTeX\tex/latex/amsmath\amsopn.sty
Package: amsopn 2021/08/26 v2.02 operator names
)
\inf@bad=\count314
LaTeX Info: Redefining \frac on input line 234.
\uproot@=\count315
\leftroot@=\count316
LaTeX Info: Redefining \overline on input line 399.
\classnum@=\count317
\DOTSCASE@=\count318
LaTeX Info: Redefining \ldots on input line 496.
LaTeX Info: Redefining \dots on input line 499.
LaTeX Info: Redefining \cdots on input line 620.
\Mathstrutbox@=\box75
\strutbox@=\box76
\big@size=\dimen267
LaTeX Font Info:    Redeclaring font encoding OML on input line 743.
LaTeX Font Info:    Redeclaring font encoding OMS on input line 744.
\macc@depth=\count319
\c@MaxMatrixCols=\count320
\dotsspace@=\muskip17
\c@parentequation=\count321
\dspbrk@lvl=\count322
\tag@help=\toks40
\row@=\count323
\column@=\count324
\maxfields@=\count325
\andhelp@=\toks41
\eqnshift@=\dimen268
\alignsep@=\dimen269
\tagshift@=\dimen270
\tagwidth@=\dimen271
\totwidth@=\dimen272
\lineht@=\dimen273
\@envbody=\toks42
\multlinegap=\skip68
\multlinetaggap=\skip69
\mathdisplay@stack=\toks43
LaTeX Info: Redefining \[ on input line 2938.
LaTeX Info: Redefining \] on input line 2939.
) (C:\Users\berke\AppData\Local\Programs\MiKTeX\tex/latex/amsfonts\amssymb.sty
Package: amssymb 2013/01/14 v3.01 AMS font symbols
 (C:\Users\berke\AppData\Local\Programs\MiKTeX\tex/latex/amsfonts\amsfonts.sty
Package: amsfonts 2013/01/14 v3.01 Basic AMSFonts support
\symAMSa=\mathgroup4
\symAMSb=\mathgroup5
LaTeX Font Info:    Redeclaring math symbol \hbar on input line 98.
LaTeX Font Info:    Overwriting math alphabet `\mathfrak' in version `bold'
(Font)                  U/euf/m/n --> U/euf/b/n on input line 106.
)) (C:\Users\berke\AppData\Local\Programs\MiKTeX\tex/latex/was\upgreek.sty
Package: upgreek 2003/02/12 v2.0 (WaS)
Package upgreek Info: Using Euler Roman for upright Greek on input line 31.
\symugrf@m=\mathgroup6
LaTeX Font Info:    Overwriting symbol font `ugrf@m' in version `bold'
(Font)                  U/eur/m/n --> U/eur/b/n on input line 38.
) (C:\Users\berke\AppData\Local\Programs\MiKTeX\tex/latex/siunitx\siunitx.sty
Package: siunitx 2022-01-20 v3.0.43 A comprehensive (SI) units package
\l__siunitx_angle_tmp_dim=\dimen274
\l__siunitx_angle_marker_box=\box77
\l__siunitx_angle_unit_box=\box78
\l__siunitx_compound_count_int=\count326
 (C:\Users\berke\AppData\Local\Programs\MiKTeX\tex/latex/translations\translations.sty
Package: translations 2022/01/04 v1.11 internationalization of LaTeX2e packages (CN)
)
\l__siunitx_number_exponent_fixed_int=\count327
\l__siunitx_number_min_decimal_int=\count328
\l__siunitx_number_min_integer_int=\count329
\l__siunitx_number_round_precision_int=\count330
\l__siunitx_number_group_minimum_int=\count331
\l__siunitx_table_tmp_box=\box79
\l__siunitx_table_tmp_dim=\dimen275
\l__siunitx_table_column_width_dim=\dimen276
\l__siunitx_table_integer_box=\box80
\l__siunitx_table_decimal_box=\box81
\l__siunitx_table_before_box=\box82
\l__siunitx_table_after_box=\box83
\l__siunitx_table_before_dim=\dimen277
\l__siunitx_table_carry_dim=\dimen278
\l__siunitx_unit_tmp_int=\count332
\l__siunitx_unit_position_int=\count333
\l__siunitx_unit_total_int=\count334
 (C:\Users\berke\AppData\Local\Programs\MiKTeX\tex/latex/l3packages/l3keys2e\l3keys2e.sty (C:\Users\berke\AppData\Local\Programs\MiKTeX\tex/latex/l3kernel\expl3.sty
Package: expl3 2022-01-21 L3 programming layer (loader) 
 (C:\Users\berke\AppData\Local\Programs\MiKTeX\tex/latex/l3backend\l3backend-pdftex.def
File: l3backend-pdftex.def 2022-01-12 L3 backend support: PDF output (pdfTeX)
\l__color_backend_stack_int=\count335
\l__pdf_internal_box=\box84
))
Package: l3keys2e 2022-01-12 LaTeX2e option processing using LaTeX3 keys
) (C:\Users\berke\AppData\Local\Programs\MiKTeX\tex/latex/tools\array.sty
Package: array 2021/10/04 v2.5f Tabular extension package (FMi)
\col@sep=\dimen279
\ar@mcellbox=\box85
\extrarowheight=\dimen280
\NC@list=\toks44
\extratabsurround=\skip70
\backup@length=\skip71
\ar@cellbox=\box86
))

Class listhesis Warning: Entering setup.


LaTeX Warning: Unused global option(s):
    [toc].

(bericht.aux)
\openout1 = `bericht.aux'.

LaTeX Font Info:    Checking defaults for OML/cmm/m/it on input line 103.
LaTeX Font Info:    ... okay on input line 103.
LaTeX Font Info:    Checking defaults for OMS/cmsy/m/n on input line 103.
LaTeX Font Info:    ... okay on input line 103.
LaTeX Font Info:    Checking defaults for OT1/cmr/m/n on input line 103.
LaTeX Font Info:    ... okay on input line 103.
LaTeX Font Info:    Checking defaults for T1/cmr/m/n on input line 103.
LaTeX Font Info:    ... okay on input line 103.
LaTeX Font Info:    Checking defaults for TS1/cmr/m/n on input line 103.
LaTeX Font Info:    ... okay on input line 103.
LaTeX Font Info:    Checking defaults for OMX/cmex/m/n on input line 103.
LaTeX Font Info:    ... okay on input line 103.
LaTeX Font Info:    Checking defaults for U/cmr/m/n on input line 103.
LaTeX Font Info:    ... okay on input line 103.
LaTeX Font Info:    Checking defaults for PD1/pdf/m/n on input line 103.
LaTeX Font Info:    ... okay on input line 103.
LaTeX Font Info:    Checking defaults for PU/pdf/m/n on input line 103.
LaTeX Font Info:    ... okay on input line 103.
Package scrbase Info: activating english \contentsname on input line 103.
Package scrbase Info: activating english \listfigurename on input line 103.
Package scrbase Info: activating english \listtablename on input line 103.

*geometry* driver: auto-detecting
*geometry* detected driver: pdftex
*geometry* verbose mode - [ preamble ] result:
* driver: pdftex
* paper: <default>
* layout: <same size as paper>
* layoutoffset:(h,v)=(0.0pt,0.0pt)
* modes: includehead includefoot twoside 
* h-part:(L,W,R)=(71.13188pt, 426.79141pt, 99.58464pt)
* v-part:(T,H,B)=(71.13188pt, 702.78317pt, 71.13188pt)
* \paperwidth=597.50793pt
* \paperheight=845.04694pt
* \textwidth=426.79141pt
* \textheight=612.15817pt
* \oddsidemargin=-1.1381pt
* \evensidemargin=27.31465pt
* \topmargin=-1.1381pt
* \headheight=18.125pt
* \headsep=21.75pt
* \topskip=12.0pt
* \footskip=50.75pt
* \marginparwidth=74.68849pt
* \marginparsep=12.8401pt
* \columnsep=10.0pt
* \skip\footins=10.8pt plus 4.0pt minus 2.0pt
* \hoffset=0.0pt
* \voffset=0.0pt
* \mag=1000
* \@twocolumnfalse
* \@twosidetrue
* \@mparswitchtrue
* \@reversemarginfalse
* (1in=72.27pt=25.4mm, 1cm=28.453pt)

(C:\Users\berke\AppData\Local\Programs\MiKTeX\tex/context/base/mkii\supp-pdf.mkii
[Loading MPS to PDF converter (version 2006.09.02).]
\scratchcounter=\count336
\scratchdimen=\dimen281
\scratchbox=\box87
\nofMPsegments=\count337
\nofMParguments=\count338
\everyMPshowfont=\toks45
\MPscratchCnt=\count339
\MPscratchDim=\dimen282
\MPnumerator=\count340
\makeMPintoPDFobject=\count341
\everyMPtoPDFconversion=\toks46
) (C:\Users\berke\AppData\Local\Programs\MiKTeX\tex/latex/epstopdf-pkg\epstopdf-base.sty
Package: epstopdf-base 2020-01-24 v2.11 Base part for package epstopdf
Package epstopdf-base Info: Redefining graphics rule for `.eps' on input line 485.
 (C:\Users\berke\AppData\Local\Programs\MiKTeX\tex/latex/00miktex\epstopdf-sys.cfg
File: epstopdf-sys.cfg 2021/03/18 v2.0 Configuration of epstopdf for MiKTeX
))
Package hyperref Info: Link coloring OFF on input line 103.
 (C:\Users\berke\AppData\Local\Programs\MiKTeX\tex/latex/hyperref\nameref.sty
Package: nameref 2021-04-02 v2.47 Cross-referencing by name of section
 (C:\Users\berke\AppData\Local\Programs\MiKTeX\tex/latex/refcount\refcount.sty
Package: refcount 2019/12/15 v3.6 Data extraction from label references (HO)
) (C:\Users\berke\AppData\Local\Programs\MiKTeX\tex/generic/gettitlestring\gettitlestring.sty
Package: gettitlestring 2019/12/15 v1.6 Cleanup title references (HO)
)
\c@section@level=\count342
)
LaTeX Info: Redefining \ref on input line 103.
LaTeX Info: Redefining \pageref on input line 103.
LaTeX Info: Redefining \nameref on input line 103.
 (bericht.out) (bericht.out)
\@outlinefile=\write4
\openout4 = `bericht.out'.

Class scrreprt Info: loading recommended package `bookmark'.
(scrreprt)           Using `bookmark' together with `hyperref' is recommended,
(scrreprt)           because of handling of possible bookmark level gaps.
(scrreprt)           You can avoid loading `bookmark' with KOMA-Script option
(scrreprt)           `bookmarkpackage=false' before \begin{document} and
(scrreprt)           you can avoid this message adding:
(scrreprt)             \usepackage{bookmark}
(scrreprt)           before \begin{document} on input line 103.
 (C:\Users\berke\AppData\Local\Programs\MiKTeX\tex/latex/bookmark\bookmark.sty
Package: bookmark 2020-11-06 v1.29 PDF bookmarks (HO)
 (C:\Users\berke\AppData\Local\Programs\MiKTeX\tex/latex/bookmark\bkm-pdftex.def
File: bkm-pdftex.def 2020-11-06 v1.29 bookmark driver for pdfTeX (HO)
\BKM@id=\count343
))

Package hyperref Warning: Option `bookmarks' has already been used,
(hyperref)                setting the option has no effect on input line 103.


Package hyperref Warning: Option `pdftoolbar' has already been used,
(hyperref)                setting the option has no effect on input line 103.


Package hyperref Warning: Option `pdfmenubar' has already been used,
(hyperref)                setting the option has no effect on input line 103.


Package hyperref Warning: Option `pdffitwindow' has already been used,
(hyperref)                setting the option has no effect on input line 103.


Package hyperref Warning: Option `pdfstartview' has already been used,
(hyperref)                setting the option has no effect on input line 103.

Package hyperref Info: Option `pdfnewwindow' set `true' on input line 103.
\c@lstlisting=\count344
(C:\Users\berke\AppData\Local\Programs\MiKTeX\tex/latex/translations/dicts\translations-basic-dictionary-english.trsl
File: translations-basic-dictionary-english.trsl (english translation file `translations-basic-dictionary')
)
Package translations Info: loading dictionary `translations-basic-dictionary' for `english'. on input line 103.
 (C:\Users\berke\AppData\Local\Programs\MiKTeX\tex/latex/translations/dicts\translations-basic-dictionary-german.trsl
File: translations-basic-dictionary-german.trsl (german translation file `translations-basic-dictionary')
)
Package translations Info: loading dictionary `translations-basic-dictionary' for `german'. on input line 103.
LaTeX Font Info:    Trying to load font information for OT1+phv on input line 107.
 (C:\Users\berke\AppData\Local\Programs\MiKTeX\tex/latex/psnfss\ot1phv.fd
File: ot1phv.fd 2020/03/25 scalable font definitions for OT1/phv.
)
<TUM_Logo_blau_rgb_p.png, id=6, 742.775pt x 391.4625pt>
File: TUM_Logo_blau_rgb_p.png Graphic file (type png)
<use TUM_Logo_blau_rgb_p.png>
Package pdftex.def Info: TUM_Logo_blau_rgb_p.png  used on input line 107.
(pdftex.def)             Requested size: 53.98297pt x 28.45274pt.
LaTeX Font Info:    Trying to load font information for U+msa on input line 107.
 (C:\Users\berke\AppData\Local\Programs\MiKTeX\tex/latex/amsfonts\umsa.fd
File: umsa.fd 2013/01/14 v3.01 AMS symbols A
)
LaTeX Font Info:    Trying to load font information for U+msb on input line 107.
 (C:\Users\berke\AppData\Local\Programs\MiKTeX\tex/latex/amsfonts\umsb.fd
File: umsb.fd 2013/01/14 v3.01 AMS symbols B
)
LaTeX Font Info:    Font shape `OT1/phv/bx/n' in size <17.28> not available
(Font)              Font shape `OT1/phv/b/n' tried instead on input line 107.
LaTeX Font Info:    Font shape `OT1/phv/bx/n' in size <12> not available
(Font)              Font shape `OT1/phv/b/n' tried instead on input line 107.

Underfull \hbox (badness 2735) in paragraph at lines 107--107
[]\OT1/phv/b/n/17.28 Numerische Wei-ter-ent-wick-lung des []Con-ta-mi-na-tion-
 []

[1



{C:/Users/berke/AppData/Local/MiKTeX/fonts/map/pdftex/pdftex.map} <./TUM_Logo_blau_rgb_p.png>] [2] (bericht.toc)
\tf@toc=\write5
\openout5 = `bericht.toc'.

 [3

] (bericht.lof)
\tf@lof=\write6
\openout6 = `bericht.lof'.

 (bericht.lot)
\tf@lot=\write7
\openout7 = `bericht.lot'.

 [4


]
chapter 1.

Class scrreprt Warning: \float@addtolists detected!
(scrreprt)              Implementation of \float@addtolist became
(scrreprt)              deprecated in KOMA-Script v3.01 2008/11/14 and
(scrreprt)              has been replaced by several more flexible
(scrreprt)              features of package `tocbasic`.
(scrreprt)              Since Version 3.12 support for deprecated
(scrreprt)              \float@addtolist interface has been
(scrreprt)              restricted to only some of the KOMA-Script
(scrreprt)              features and been removed from others.
(scrreprt)              Loading of package `scrhack' may help to
(scrreprt)              avoid this warning, if you are using a
(scrreprt)              a package that still implements the
(scrreprt)              deprecated \float@addtolist interface.

[5

] [6]
chapter 2.

Package siunitx Warning: Unit macro \bar has been deprecated in this release.
(siunitx)                
(siunitx)                The BIPM have removed this unit from the SI Brochure.
(siunitx)                You should define it yourself using \DeclareSIUnit in
(siunitx)                your source. The current definition is
(siunitx)                
(siunitx)                \DeclareSIUnit\bar{bar}


LaTeX Warning: No positions in optional float specifier.
               Default added (so using `tbp') on input line 153.

<./include/geometry//adsorption_desorption.pdf, id=122, 705.38531pt x 438.8897pt>
File: ./include/geometry//adsorption_desorption.pdf Graphic file (type pdf)
<use ./include/geometry//adsorption_desorption.pdf>
Package pdftex.def Info: ./include/geometry//adsorption_desorption.pdf  used on input line 155.
(pdftex.def)             Requested size: 234.73657pt x 146.05289pt.
[7

]
Underfull \vbox (badness 10000) has occurred while \output is active []

 [8 <./include/geometry//adsorption_desorption.pdf>]
<./include/geometry//molecular_flow.pdf, id=147, 1003.49907pt x 807.015pt>
File: ./include/geometry//molecular_flow.pdf Graphic file (type pdf)
<use ./include/geometry//molecular_flow.pdf>
Package pdftex.def Info: ./include/geometry//molecular_flow.pdf  used on input line 165.
(pdftex.def)             Requested size: 294.4871pt x 236.82364pt.
 [9 <./include/geometry//molecular_flow.pdf>] [10]
chapter 3.

LaTeX Warning: No positions in optional float specifier.
               Default added (so using `tbp') on input line 180.

Package epstopdf Info: Source file: <./include/figure_5.0/old/covFacet0.eps>
(epstopdf)                    date: 2022-02-09 20:06:14
(epstopdf)                    size: 144683 bytes
(epstopdf)             Output file: <./include/figure_5.0/old/covFacet0-eps-converted-to.pdf>
(epstopdf)                    date: 2022-02-09 20:06:14
(epstopdf)                    size: 48101 bytes
(epstopdf)             Command: <miktex-epstopdf --outfile=./include/figure_5.0/old/covFacet0-eps-converted-to.pdf ./include/figure_5.0/old/covFacet0.eps>
(epstopdf)             \includegraphics on input line 182.
Package epstopdf Info: Output file is already uptodate.


pdfTeX warning: pdflatex (file ./include/figure_5.0/old/covFacet0-eps-converted-to.pdf): PDF inclusion: found PDF version <1.7>, but at most version <1.5> allowed
<./include/figure_5.0/old/covFacet0-eps-converted-to.pdf, id=166, 372.39125pt x 313.17pt>
File: ./include/figure_5.0/old/covFacet0-eps-converted-to.pdf Graphic file (type pdf)
<use ./include/figure_5.0/old/covFacet0-eps-converted-to.pdf>
Package pdftex.def Info: ./include/figure_5.0/old/covFacet0-eps-converted-to.pdf  used on input line 182.
(pdftex.def)             Requested size: 213.3957pt x 179.46446pt.
[11

]
Package epstopdf Info: Source file: <./include/motivation//euler.eps>
(epstopdf)                    date: 2022-02-09 20:06:14
(epstopdf)                    size: 112546 bytes
(epstopdf)             Output file: <./include/motivation//euler-eps-converted-to.pdf>
(epstopdf)                    date: 2022-02-09 20:06:14
(epstopdf)                    size: 44814 bytes
(epstopdf)             Command: <miktex-epstopdf --outfile=./include/motivation//euler-eps-converted-to.pdf ./include/motivation//euler.eps>
(epstopdf)             \includegraphics on input line 195.
Package epstopdf Info: Output file is already uptodate.


pdfTeX warning: pdflatex (file ./include/motivation//euler-eps-converted-to.pdf): PDF inclusion: found PDF version <1.7>, but at most version <1.5> allowed
<./include/motivation//euler-eps-converted-to.pdf, id=178, 401.5pt x 314.17375pt>
File: ./include/motivation//euler-eps-converted-to.pdf Graphic file (type pdf)
<use ./include/motivation//euler-eps-converted-to.pdf>
Package pdftex.def Info: ./include/motivation//euler-eps-converted-to.pdf  used on input line 195.
(pdftex.def)             Requested size: 192.05482pt x 150.28394pt.
Package epstopdf Info: Source file: <./include/motivation//heun.eps>
(epstopdf)                    date: 2022-02-09 20:06:14
(epstopdf)                    size: 177614 bytes
(epstopdf)             Output file: <./include/motivation//heun-eps-converted-to.pdf>
(epstopdf)                    date: 2022-02-09 20:06:14
(epstopdf)                    size: 71150 bytes
(epstopdf)             Command: <miktex-epstopdf --outfile=./include/motivation//heun-eps-converted-to.pdf ./include/motivation//heun.eps>
(epstopdf)             \includegraphics on input line 196.
Package epstopdf Info: Output file is already uptodate.


pdfTeX warning: pdflatex (file ./include/motivation//heun-eps-converted-to.pdf): PDF inclusion: found PDF version <1.7>, but at most version <1.5> allowed
<./include/motivation//heun-eps-converted-to.pdf, id=179, 403.5075pt x 314.17375pt>
File: ./include/motivation//heun-eps-converted-to.pdf Graphic file (type pdf)
<use ./include/motivation//heun-eps-converted-to.pdf>
Package pdftex.def Info: ./include/motivation//heun-eps-converted-to.pdf  used on input line 196.
(pdftex.def)             Requested size: 192.05482pt x 149.53609pt.
[12 <./include/figure_5.0/old/covFacet0-eps-converted-to.pdf> <./include/motivation//euler-eps-converted-to.pdf> <./include/motivation//heun-eps-converted-to.pdf>] [13] [14]
Underfull \vbox (badness 10000) has occurred while \output is active []

 [15] (C:\Users\berke\AppData\Local\Programs\MiKTeX\tex/latex/listings\lstlang1.sty
File: lstlang1.sty 2020/03/24 1.8d listings language file
) (C:\Users\berke\AppData\Local\Programs\MiKTeX\tex/latex/listings\lstlang1.sty
File: lstlang1.sty 2020/03/24 1.8d listings language file
) (C:\Users\berke\AppData\Local\Programs\MiKTeX\tex/latex/listings\lstmisc.sty
File: lstmisc.sty 2020/03/24 1.8d (Carsten Heinz)
)
LaTeX Font Info:    Trying to load font information for OML+cmr on input line 219.
 (C:\Users\berke\AppData\Local\Programs\MiKTeX\tex/latex/base\omlcmr.fd
File: omlcmr.fd 2019/12/16 v2.5j Standard LaTeX font definitions
)
LaTeX Font Info:    Font shape `OML/cmr/m/n' in size <10> not available
(Font)              Font shape `OML/cmm/m/it' tried instead on input line 219.
LaTeX Font Info:    Trying to load font information for OMS+cmr on input line 219.
 (C:\Users\berke\AppData\Local\Programs\MiKTeX\tex/latex/base\omscmr.fd
File: omscmr.fd 2019/12/16 v2.5j Standard LaTeX font definitions
)
LaTeX Font Info:    Font shape `OMS/cmr/m/n' in size <10> not available
(Font)              Font shape `OMS/cmsy/m/n' tried instead on input line 219.

Overfull \hbox (17.3516pt too wide) in paragraph at lines 224--225
[][][][][][][][][][][][][][][][][][][][][][][][][][][][][][][][][][][][][][][][][][][][][][][][][][][][][][][][][][][][][][][][][] 
 []


Overfull \hbox (23.35165pt too wide) in paragraph at lines 228--229
[][][][][][][][][][][][][][][][][][][][][][][][][][][][][][][][][][][][][][][][][][][][][][][][][][][][][][][][][][][][][][][][][] 
 []


Overfull \hbox (11.35152pt too wide) in paragraph at lines 247--248
[][][][][][][][][][][][][][][][][][][][][][][][][][][][][][][][][][][][][][][][][][][][][][][] 
 []


LaTeX Warning: `!h' float specifier changed to `!ht'.


LaTeX Warning: `!h' float specifier changed to `!ht'.

[16] [17]
Overfull \hbox (53.99973pt too wide) in paragraph at lines 285--356
 [] 
 []

[18]
chapter 4.
[19


] [20] [21]
Package epstopdf Info: Source file: <./include/figure_2.0/old/CovFacet0.eps>
(epstopdf)                    date: 2022-02-09 20:06:14
(epstopdf)                    size: 144107 bytes
(epstopdf)             Output file: <./include/figure_2.0/old/CovFacet0-eps-converted-to.pdf>
(epstopdf)                    date: 2022-02-09 20:06:14
(epstopdf)                    size: 48368 bytes
(epstopdf)             Command: <miktex-epstopdf --outfile=./include/figure_2.0/old/CovFacet0-eps-converted-to.pdf ./include/figure_2.0/old/CovFacet0.eps>
(epstopdf)             \includegraphics on input line 425.
Package epstopdf Info: Output file is already uptodate.


pdfTeX warning: pdflatex (file ./include/figure_2.0/old/CovFacet0-eps-converted-to.pdf): PDF inclusion: found PDF version <1.7>, but at most version <1.5> allowed
<./include/figure_2.0/old/CovFacet0-eps-converted-to.pdf, id=319, 384.43625pt x 313.17pt>
File: ./include/figure_2.0/old/CovFacet0-eps-converted-to.pdf Graphic file (type pdf)
<use ./include/figure_2.0/old/CovFacet0-eps-converted-to.pdf>
Package pdftex.def Info: ./include/figure_2.0/old/CovFacet0-eps-converted-to.pdf  used on input line 425.
(pdftex.def)             Requested size: 213.3957pt x 173.84007pt.
Package epstopdf Info: Source file: <./include/figure_2.0/old/CovFacetError0.eps>
(epstopdf)                    date: 2022-02-09 20:06:14
(epstopdf)                    size: 113188 bytes
(epstopdf)             Output file: <./include/figure_2.0/old/CovFacetError0-eps-converted-to.pdf>
(epstopdf)                    date: 2022-02-09 20:06:14
(epstopdf)                    size: 46961 bytes
(epstopdf)             Command: <miktex-epstopdf --outfile=./include/figure_2.0/old/CovFacetError0-eps-converted-to.pdf ./include/figure_2.0/old/CovFacetError0.eps>
(epstopdf)             \includegraphics on input line 426.
Package epstopdf Info: Output file is already uptodate.


pdfTeX warning: pdflatex (file ./include/figure_2.0/old/CovFacetError0-eps-converted-to.pdf): PDF inclusion: found PDF version <1.7>, but at most version <1.5> allowed
<./include/figure_2.0/old/CovFacetError0-eps-converted-to.pdf, id=320, 380.42125pt x 313.17pt>
File: ./include/figure_2.0/old/CovFacetError0-eps-converted-to.pdf Graphic file (type pdf)
<use ./include/figure_2.0/old/CovFacetError0-eps-converted-to.pdf>
Package pdftex.def Info: ./include/figure_2.0/old/CovFacetError0-eps-converted-to.pdf  used on input line 426.
(pdftex.def)             Requested size: 213.3957pt x 175.67505pt.
Package epstopdf Info: Source file: <./include/figure_2.0/PC_current/CovFacet0.eps>
(epstopdf)                    date: 2022-02-09 20:06:14
(epstopdf)                    size: 136728 bytes
(epstopdf)             Output file: <./include/figure_2.0/PC_current/CovFacet0-eps-converted-to.pdf>
(epstopdf)                    date: 2022-02-09 20:06:14
(epstopdf)                    size: 45183 bytes
(epstopdf)             Command: <miktex-epstopdf --outfile=./include/figure_2.0/PC_current/CovFacet0-eps-converted-to.pdf ./include/figure_2.0/PC_current/CovFacet0.eps>
(epstopdf)             \includegraphics on input line 427.
Package epstopdf Info: Output file is already uptodate.


pdfTeX warning: pdflatex (file ./include/figure_2.0/PC_current/CovFacet0-eps-converted-to.pdf): PDF inclusion: found PDF version <1.7>, but at most version <1.5> allowed
<./include/figure_2.0/PC_current/CovFacet0-eps-converted-to.pdf, id=321, 384.43625pt x 313.17pt>
File: ./include/figure_2.0/PC_current/CovFacet0-eps-converted-to.pdf Graphic file (type pdf)
<use ./include/figure_2.0/PC_current/CovFacet0-eps-converted-to.pdf>
Package pdftex.def Info: ./include/figure_2.0/PC_current/CovFacet0-eps-converted-to.pdf  used on input line 427.
(pdftex.def)             Requested size: 213.3957pt x 173.84007pt.
Package epstopdf Info: Source file: <./include/figure_2.0/PC_current/CovFacetError0.eps>
(epstopdf)                    date: 2022-02-09 20:06:14
(epstopdf)                    size: 105802 bytes
(epstopdf)             Output file: <./include/figure_2.0/PC_current/CovFacetError0-eps-converted-to.pdf>
(epstopdf)                    date: 2022-02-09 20:06:14
(epstopdf)                    size: 43738 bytes
(epstopdf)             Command: <miktex-epstopdf --outfile=./include/figure_2.0/PC_current/CovFacetError0-eps-converted-to.pdf ./include/figure_2.0/PC_current/CovFacetError0.eps>
(epstopdf)             \includegraphics on input line 428.
Package epstopdf Info: Output file is already uptodate.


pdfTeX warning: pdflatex (file ./include/figure_2.0/PC_current/CovFacetError0-eps-converted-to.pdf): PDF inclusion: found PDF version <1.7>, but at most version <1.5> allowed
<./include/figure_2.0/PC_current/CovFacetError0-eps-converted-to.pdf, id=322, 380.42125pt x 313.17pt>
File: ./include/figure_2.0/PC_current/CovFacetError0-eps-converted-to.pdf Graphic file (type pdf)
<use ./include/figure_2.0/PC_current/CovFacetError0-eps-converted-to.pdf>
Package pdftex.def Info: ./include/figure_2.0/PC_current/CovFacetError0-eps-converted-to.pdf  used on input line 428.
(pdftex.def)             Requested size: 213.3957pt x 175.67505pt.
Package epstopdf Info: Source file: <./include/figure_2.0/PC_new/CovFacet0.eps>
(epstopdf)                    date: 2022-02-09 20:06:14
(epstopdf)                    size: 137502 bytes
(epstopdf)             Output file: <./include/figure_2.0/PC_new/CovFacet0-eps-converted-to.pdf>
(epstopdf)                    date: 2022-02-09 20:06:14
(epstopdf)                    size: 45399 bytes
(epstopdf)             Command: <miktex-epstopdf --outfile=./include/figure_2.0/PC_new/CovFacet0-eps-converted-to.pdf ./include/figure_2.0/PC_new/CovFacet0.eps>
(epstopdf)             \includegraphics on input line 429.
Package epstopdf Info: Output file is already uptodate.


pdfTeX warning: pdflatex (file ./include/figure_2.0/PC_new/CovFacet0-eps-converted-to.pdf): PDF inclusion: found PDF version <1.7>, but at most version <1.5> allowed
<./include/figure_2.0/PC_new/CovFacet0-eps-converted-to.pdf, id=323, 384.43625pt x 313.17pt>
File: ./include/figure_2.0/PC_new/CovFacet0-eps-converted-to.pdf Graphic file (type pdf)
<use ./include/figure_2.0/PC_new/CovFacet0-eps-converted-to.pdf>
Package pdftex.def Info: ./include/figure_2.0/PC_new/CovFacet0-eps-converted-to.pdf  used on input line 429.
(pdftex.def)             Requested size: 213.3957pt x 173.84007pt.
Package epstopdf Info: Source file: <./include/figure_2.0/PC_new/CovFacetError0.eps>
(epstopdf)                    date: 2022-02-09 20:06:14
(epstopdf)                    size: 106593 bytes
(epstopdf)             Output file: <./include/figure_2.0/PC_new/CovFacetError0-eps-converted-to.pdf>
(epstopdf)                    date: 2022-02-09 20:06:14
(epstopdf)                    size: 44034 bytes
(epstopdf)             Command: <miktex-epstopdf --outfile=./include/figure_2.0/PC_new/CovFacetError0-eps-converted-to.pdf ./include/figure_2.0/PC_new/CovFacetError0.eps>
(epstopdf)             \includegraphics on input line 430.
Package epstopdf Info: Output file is already uptodate.


pdfTeX warning: pdflatex (file ./include/figure_2.0/PC_new/CovFacetError0-eps-converted-to.pdf): PDF inclusion: found PDF version <1.7>, but at most version <1.5> allowed
<./include/figure_2.0/PC_new/CovFacetError0-eps-converted-to.pdf, id=324, 380.42125pt x 313.17pt>
File: ./include/figure_2.0/PC_new/CovFacetError0-eps-converted-to.pdf Graphic file (type pdf)
<use ./include/figure_2.0/PC_new/CovFacetError0-eps-converted-to.pdf>
Package pdftex.def Info: ./include/figure_2.0/PC_new/CovFacetError0-eps-converted-to.pdf  used on input line 430.
(pdftex.def)             Requested size: 213.3957pt x 175.67505pt.

Overfull \hbox (12.00003pt too wide) in paragraph at lines 424--444
 [][]  
 []


LaTeX Warning: Float too large for page by 28.84335pt on input line 446.


LaTeX Warning: `!h' float specifier changed to `!ht'.

[22 <./include/figure_2.0/old/CovFacet0-eps-converted-to.pdf> <./include/figure_2.0/old/CovFacetError0-eps-converted-to.pdf> <./include/figure_2.0/PC_current/CovFacet0-eps-converted-to.pdf> <./include/figure_2.0/PC_current/CovFacetError0-eps-converted-to.pdf> <./include/figure_2.0/PC_new/CovFacet0-eps-converted-to.pdf> <./include/figure_2.0/PC_new/CovFacetError0-eps-converted-to.pdf>]
Package epstopdf Info: Source file: <./include/figure_3.5/old/CovFacet0.eps>
(epstopdf)                    date: 2022-02-09 20:06:14
(epstopdf)                    size: 150072 bytes
(epstopdf)             Output file: <./include/figure_3.5/old/CovFacet0-eps-converted-to.pdf>
(epstopdf)                    date: 2022-02-09 20:06:14
(epstopdf)                    size: 52977 bytes
(epstopdf)             Command: <miktex-epstopdf --outfile=./include/figure_3.5/old/CovFacet0-eps-converted-to.pdf ./include/figure_3.5/old/CovFacet0.eps>
(epstopdf)             \includegraphics on input line 455.
Package epstopdf Info: Output file is already uptodate.


pdfTeX warning: pdflatex (file ./include/figure_3.5/old/CovFacet0-eps-converted-to.pdf): PDF inclusion: found PDF version <1.7>, but at most version <1.5> allowed
<./include/figure_3.5/old/CovFacet0-eps-converted-to.pdf, id=341, 384.43625pt x 313.17pt>
File: ./include/figure_3.5/old/CovFacet0-eps-converted-to.pdf Graphic file (type pdf)
<use ./include/figure_3.5/old/CovFacet0-eps-converted-to.pdf>
Package pdftex.def Info: ./include/figure_3.5/old/CovFacet0-eps-converted-to.pdf  used on input line 455.
(pdftex.def)             Requested size: 213.3957pt x 173.84007pt.
Package epstopdf Info: Source file: <./include/figure_3.5/old/CovFacetError0.eps>
(epstopdf)                    date: 2022-02-09 20:06:14
(epstopdf)                    size: 103244 bytes
(epstopdf)             Output file: <./include/figure_3.5/old/CovFacetError0-eps-converted-to.pdf>
(epstopdf)                    date: 2022-02-09 20:06:14
(epstopdf)                    size: 43090 bytes
(epstopdf)             Command: <miktex-epstopdf --outfile=./include/figure_3.5/old/CovFacetError0-eps-converted-to.pdf ./include/figure_3.5/old/CovFacetError0.eps>
(epstopdf)             \includegraphics on input line 456.
Package epstopdf Info: Output file is already uptodate.


pdfTeX warning: pdflatex (file ./include/figure_3.5/old/CovFacetError0-eps-converted-to.pdf): PDF inclusion: found PDF version <1.7>, but at most version <1.5> allowed
<./include/figure_3.5/old/CovFacetError0-eps-converted-to.pdf, id=342, 380.42125pt x 313.17pt>
File: ./include/figure_3.5/old/CovFacetError0-eps-converted-to.pdf Graphic file (type pdf)
<use ./include/figure_3.5/old/CovFacetError0-eps-converted-to.pdf>
Package pdftex.def Info: ./include/figure_3.5/old/CovFacetError0-eps-converted-to.pdf  used on input line 456.
(pdftex.def)             Requested size: 213.3957pt x 175.67505pt.
Package epstopdf Info: Source file: <./include/figure_3.5/PC_current/CovFacet0.eps>
(epstopdf)                    date: 2022-02-09 20:06:14
(epstopdf)                    size: 142832 bytes
(epstopdf)             Output file: <./include/figure_3.5/PC_current/CovFacet0-eps-converted-to.pdf>
(epstopdf)                    date: 2022-02-09 20:06:14
(epstopdf)                    size: 49756 bytes
(epstopdf)             Command: <miktex-epstopdf --outfile=./include/figure_3.5/PC_current/CovFacet0-eps-converted-to.pdf ./include/figure_3.5/PC_current/CovFacet0.eps>
(epstopdf)             \includegraphics on input line 457.
Package epstopdf Info: Output file is already uptodate.


pdfTeX warning: pdflatex (file ./include/figure_3.5/PC_current/CovFacet0-eps-converted-to.pdf): PDF inclusion: found PDF version <1.7>, but at most version <1.5> allowed
<./include/figure_3.5/PC_current/CovFacet0-eps-converted-to.pdf, id=343, 384.43625pt x 313.17pt>
File: ./include/figure_3.5/PC_current/CovFacet0-eps-converted-to.pdf Graphic file (type pdf)
<use ./include/figure_3.5/PC_current/CovFacet0-eps-converted-to.pdf>
Package pdftex.def Info: ./include/figure_3.5/PC_current/CovFacet0-eps-converted-to.pdf  used on input line 457.
(pdftex.def)             Requested size: 213.3957pt x 173.84007pt.
Package epstopdf Info: Source file: <./include/figure_3.5/PC_current/CovFacetError0.eps>
(epstopdf)                    date: 2022-02-09 20:06:14
(epstopdf)                    size: 105830 bytes
(epstopdf)             Output file: <./include/figure_3.5/PC_current/CovFacetError0-eps-converted-to.pdf>
(epstopdf)                    date: 2022-02-09 20:06:14
(epstopdf)                    size: 43864 bytes
(epstopdf)             Command: <miktex-epstopdf --outfile=./include/figure_3.5/PC_current/CovFacetError0-eps-converted-to.pdf ./include/figure_3.5/PC_current/CovFacetError0.eps>
(epstopdf)             \includegraphics on input line 458.
Package epstopdf Info: Output file is already uptodate.


pdfTeX warning: pdflatex (file ./include/figure_3.5/PC_current/CovFacetError0-eps-converted-to.pdf): PDF inclusion: found PDF version <1.7>, but at most version <1.5> allowed
<./include/figure_3.5/PC_current/CovFacetError0-eps-converted-to.pdf, id=344, 380.42125pt x 313.17pt>
File: ./include/figure_3.5/PC_current/CovFacetError0-eps-converted-to.pdf Graphic file (type pdf)
<use ./include/figure_3.5/PC_current/CovFacetError0-eps-converted-to.pdf>
Package pdftex.def Info: ./include/figure_3.5/PC_current/CovFacetError0-eps-converted-to.pdf  used on input line 458.
(pdftex.def)             Requested size: 213.3957pt x 175.67505pt.
Package epstopdf Info: Source file: <./include/figure_3.5/PC_new/CovFacet0.eps>
(epstopdf)                    date: 2022-02-09 20:06:14
(epstopdf)                    size: 143619 bytes
(epstopdf)             Output file: <./include/figure_3.5/PC_new/CovFacet0-eps-converted-to.pdf>
(epstopdf)                    date: 2022-02-09 20:06:14
(epstopdf)                    size: 49912 bytes
(epstopdf)             Command: <miktex-epstopdf --outfile=./include/figure_3.5/PC_new/CovFacet0-eps-converted-to.pdf ./include/figure_3.5/PC_new/CovFacet0.eps>
(epstopdf)             \includegraphics on input line 459.
Package epstopdf Info: Output file is already uptodate.


pdfTeX warning: pdflatex (file ./include/figure_3.5/PC_new/CovFacet0-eps-converted-to.pdf): PDF inclusion: found PDF version <1.7>, but at most version <1.5> allowed
<./include/figure_3.5/PC_new/CovFacet0-eps-converted-to.pdf, id=345, 384.43625pt x 313.17pt>
File: ./include/figure_3.5/PC_new/CovFacet0-eps-converted-to.pdf Graphic file (type pdf)
<use ./include/figure_3.5/PC_new/CovFacet0-eps-converted-to.pdf>
Package pdftex.def Info: ./include/figure_3.5/PC_new/CovFacet0-eps-converted-to.pdf  used on input line 459.
(pdftex.def)             Requested size: 213.3957pt x 173.84007pt.
Package epstopdf Info: Source file: <./include/figure_3.5/PC_new/CovFacetError0.eps>
(epstopdf)                    date: 2022-02-09 20:06:14
(epstopdf)                    size: 106587 bytes
(epstopdf)             Output file: <./include/figure_3.5/PC_new/CovFacetError0-eps-converted-to.pdf>
(epstopdf)                    date: 2022-02-09 20:06:14
(epstopdf)                    size: 44042 bytes
(epstopdf)             Command: <miktex-epstopdf --outfile=./include/figure_3.5/PC_new/CovFacetError0-eps-converted-to.pdf ./include/figure_3.5/PC_new/CovFacetError0.eps>
(epstopdf)             \includegraphics on input line 460.
Package epstopdf Info: Output file is already uptodate.


pdfTeX warning: pdflatex (file ./include/figure_3.5/PC_new/CovFacetError0-eps-converted-to.pdf): PDF inclusion: found PDF version <1.7>, but at most version <1.5> allowed
<./include/figure_3.5/PC_new/CovFacetError0-eps-converted-to.pdf, id=346, 380.42125pt x 313.17pt>
File: ./include/figure_3.5/PC_new/CovFacetError0-eps-converted-to.pdf Graphic file (type pdf)
<use ./include/figure_3.5/PC_new/CovFacetError0-eps-converted-to.pdf>
Package pdftex.def Info: ./include/figure_3.5/PC_new/CovFacetError0-eps-converted-to.pdf  used on input line 460.
(pdftex.def)             Requested size: 213.3957pt x 175.67505pt.

Overfull \hbox (12.00003pt too wide) in paragraph at lines 454--474
 [][]  
 []


LaTeX Warning: Float too large for page by 28.84335pt on input line 476.


LaTeX Warning: `!h' float specifier changed to `!ht'.

[23 <./include/figure_3.5/old/CovFacet0-eps-converted-to.pdf> <./include/figure_3.5/old/CovFacetError0-eps-converted-to.pdf> <./include/figure_3.5/PC_current/CovFacet0-eps-converted-to.pdf> <./include/figure_3.5/PC_current/CovFacetError0-eps-converted-to.pdf> <./include/figure_3.5/PC_new/CovFacet0-eps-converted-to.pdf> <./include/figure_3.5/PC_new/CovFacetError0-eps-converted-to.pdf>]
Package epstopdf Info: Source file: <./include/figure_5.0/old/CovFacet0.eps>
(epstopdf)                    date: 2022-02-09 20:06:14
(epstopdf)                    size: 144683 bytes
(epstopdf)             Output file: <./include/figure_5.0/old/CovFacet0-eps-converted-to.pdf>
(epstopdf)                    date: 2022-02-09 20:06:14
(epstopdf)                    size: 48101 bytes
(epstopdf)             Command: <miktex-epstopdf --outfile=./include/figure_5.0/old/CovFacet0-eps-converted-to.pdf ./include/figure_5.0/old/CovFacet0.eps>
(epstopdf)             \includegraphics on input line 485.
Package epstopdf Info: Output file is already uptodate.


pdfTeX warning: pdflatex (file ./include/figure_5.0/old/CovFacet0-eps-converted-to.pdf): PDF inclusion: found PDF version <1.7>, but at most version <1.5> allowed
<./include/figure_5.0/old/CovFacet0-eps-converted-to.pdf, id=363, 372.39125pt x 313.17pt>
File: ./include/figure_5.0/old/CovFacet0-eps-converted-to.pdf Graphic file (type pdf)
<use ./include/figure_5.0/old/CovFacet0-eps-converted-to.pdf>
Package pdftex.def Info: ./include/figure_5.0/old/CovFacet0-eps-converted-to.pdf  used on input line 485.
(pdftex.def)             Requested size: 213.3957pt x 179.46446pt.
Package epstopdf Info: Source file: <./include/figure_5.0/old/CovFacetError0.eps>
(epstopdf)                    date: 2022-02-09 20:06:14
(epstopdf)                    size: 103237 bytes
(epstopdf)             Output file: <./include/figure_5.0/old/CovFacetError0-eps-converted-to.pdf>
(epstopdf)                    date: 2022-02-09 20:06:14
(epstopdf)                    size: 43284 bytes
(epstopdf)             Command: <miktex-epstopdf --outfile=./include/figure_5.0/old/CovFacetError0-eps-converted-to.pdf ./include/figure_5.0/old/CovFacetError0.eps>
(epstopdf)             \includegraphics on input line 486.
Package epstopdf Info: Output file is already uptodate.


pdfTeX warning: pdflatex (file ./include/figure_5.0/old/CovFacetError0-eps-converted-to.pdf): PDF inclusion: found PDF version <1.7>, but at most version <1.5> allowed
<./include/figure_5.0/old/CovFacetError0-eps-converted-to.pdf, id=364, 380.42125pt x 313.17pt>
File: ./include/figure_5.0/old/CovFacetError0-eps-converted-to.pdf Graphic file (type pdf)
<use ./include/figure_5.0/old/CovFacetError0-eps-converted-to.pdf>
Package pdftex.def Info: ./include/figure_5.0/old/CovFacetError0-eps-converted-to.pdf  used on input line 486.
(pdftex.def)             Requested size: 213.3957pt x 175.67505pt.
Package epstopdf Info: Source file: <./include/figure_5.0/PC_current/CovFacet0.eps>
(epstopdf)                    date: 2022-02-09 20:06:14
(epstopdf)                    size: 137436 bytes
(epstopdf)             Output file: <./include/figure_5.0/PC_current/CovFacet0-eps-converted-to.pdf>
(epstopdf)                    date: 2022-02-09 20:06:14
(epstopdf)                    size: 44996 bytes
(epstopdf)             Command: <miktex-epstopdf --outfile=./include/figure_5.0/PC_current/CovFacet0-eps-converted-to.pdf ./include/figure_5.0/PC_current/CovFacet0.eps>
(epstopdf)             \includegraphics on input line 487.
Package epstopdf Info: Output file is already uptodate.


pdfTeX warning: pdflatex (file ./include/figure_5.0/PC_current/CovFacet0-eps-converted-to.pdf): PDF inclusion: found PDF version <1.7>, but at most version <1.5> allowed
<./include/figure_5.0/PC_current/CovFacet0-eps-converted-to.pdf, id=365, 372.39125pt x 313.17pt>
File: ./include/figure_5.0/PC_current/CovFacet0-eps-converted-to.pdf Graphic file (type pdf)
<use ./include/figure_5.0/PC_current/CovFacet0-eps-converted-to.pdf>
Package pdftex.def Info: ./include/figure_5.0/PC_current/CovFacet0-eps-converted-to.pdf  used on input line 487.
(pdftex.def)             Requested size: 213.3957pt x 179.46446pt.
Package epstopdf Info: Source file: <./include/figure_5.0/PC_current/CovFacetError0.eps>
(epstopdf)                    date: 2022-02-09 20:06:14
(epstopdf)                    size: 95927 bytes
(epstopdf)             Output file: <./include/figure_5.0/PC_current/CovFacetError0-eps-converted-to.pdf>
(epstopdf)                    date: 2022-02-09 20:06:14
(epstopdf)                    size: 40120 bytes
(epstopdf)             Command: <miktex-epstopdf --outfile=./include/figure_5.0/PC_current/CovFacetError0-eps-converted-to.pdf ./include/figure_5.0/PC_current/CovFacetError0.eps>
(epstopdf)             \includegraphics on input line 488.
Package epstopdf Info: Output file is already uptodate.


pdfTeX warning: pdflatex (file ./include/figure_5.0/PC_current/CovFacetError0-eps-converted-to.pdf): PDF inclusion: found PDF version <1.7>, but at most version <1.5> allowed
<./include/figure_5.0/PC_current/CovFacetError0-eps-converted-to.pdf, id=366, 380.42125pt x 313.17pt>
File: ./include/figure_5.0/PC_current/CovFacetError0-eps-converted-to.pdf Graphic file (type pdf)
<use ./include/figure_5.0/PC_current/CovFacetError0-eps-converted-to.pdf>
Package pdftex.def Info: ./include/figure_5.0/PC_current/CovFacetError0-eps-converted-to.pdf  used on input line 488.
(pdftex.def)             Requested size: 213.3957pt x 175.67505pt.
Package epstopdf Info: Source file: <./include/figure_5.0/PC_new/CovFacet0.eps>
(epstopdf)                    date: 2022-02-09 20:06:14
(epstopdf)                    size: 138225 bytes
(epstopdf)             Output file: <./include/figure_5.0/PC_new/CovFacet0-eps-converted-to.pdf>
(epstopdf)                    date: 2022-02-09 20:06:14
(epstopdf)                    size: 45352 bytes
(epstopdf)             Command: <miktex-epstopdf --outfile=./include/figure_5.0/PC_new/CovFacet0-eps-converted-to.pdf ./include/figure_5.0/PC_new/CovFacet0.eps>
(epstopdf)             \includegraphics on input line 489.
Package epstopdf Info: Output file is already uptodate.


pdfTeX warning: pdflatex (file ./include/figure_5.0/PC_new/CovFacet0-eps-converted-to.pdf): PDF inclusion: found PDF version <1.7>, but at most version <1.5> allowed
<./include/figure_5.0/PC_new/CovFacet0-eps-converted-to.pdf, id=367, 372.39125pt x 313.17pt>
File: ./include/figure_5.0/PC_new/CovFacet0-eps-converted-to.pdf Graphic file (type pdf)
<use ./include/figure_5.0/PC_new/CovFacet0-eps-converted-to.pdf>
Package pdftex.def Info: ./include/figure_5.0/PC_new/CovFacet0-eps-converted-to.pdf  used on input line 489.
(pdftex.def)             Requested size: 213.3957pt x 179.46446pt.
Package epstopdf Info: Source file: <./include/figure_5.0/PC_new/CovFacetError0.eps>
(epstopdf)                    date: 2022-02-09 20:06:14
(epstopdf)                    size: 96718 bytes
(epstopdf)             Output file: <./include/figure_5.0/PC_new/CovFacetError0-eps-converted-to.pdf>
(epstopdf)                    date: 2022-02-09 20:06:14
(epstopdf)                    size: 40451 bytes
(epstopdf)             Command: <miktex-epstopdf --outfile=./include/figure_5.0/PC_new/CovFacetError0-eps-converted-to.pdf ./include/figure_5.0/PC_new/CovFacetError0.eps>
(epstopdf)             \includegraphics on input line 490.
Package epstopdf Info: Output file is already uptodate.


pdfTeX warning: pdflatex (file ./include/figure_5.0/PC_new/CovFacetError0-eps-converted-to.pdf): PDF inclusion: found PDF version <1.7>, but at most version <1.5> allowed
<./include/figure_5.0/PC_new/CovFacetError0-eps-converted-to.pdf, id=368, 380.42125pt x 313.17pt>
File: ./include/figure_5.0/PC_new/CovFacetError0-eps-converted-to.pdf Graphic file (type pdf)
<use ./include/figure_5.0/PC_new/CovFacetError0-eps-converted-to.pdf>
Package pdftex.def Info: ./include/figure_5.0/PC_new/CovFacetError0-eps-converted-to.pdf  used on input line 490.
(pdftex.def)             Requested size: 213.3957pt x 175.67505pt.

Overfull \hbox (12.00003pt too wide) in paragraph at lines 484--504
 [][]  
 []


LaTeX Warning: Float too large for page by 40.2116pt on input line 506.


LaTeX Warning: `!h' float specifier changed to `!ht'.

[24 <./include/figure_5.0/old/CovFacet0-eps-converted-to.pdf> <./include/figure_5.0/old/CovFacetError0-eps-converted-to.pdf> <./include/figure_5.0/PC_current/CovFacet0-eps-converted-to.pdf> <./include/figure_5.0/PC_current/CovFacetError0-eps-converted-to.pdf> <./include/figure_5.0/PC_new/CovFacet0-eps-converted-to.pdf> <./include/figure_5.0/PC_new/CovFacetError0-eps-converted-to.pdf>]
chapter 5.
[25




] [26


] (bericht.bbl
chapter without number

Underfull \hbox (badness 5288) in paragraph at lines 43--46
[]\OT1/cmr/m/n/12 Predictive si-mu-la-ti-on of con-ta-mi-na-ti-on ef-fects on sa-tel-li-tes.  URL:
 []


Underfull \hbox (badness 10000) in paragraph at lines 43--46
[]$\OT1/cmtt/m/n/12 https : / / www . ei . tum . de / tep / forschung / forschungsprojekte /
 []

[27

]
Underfull \hbox (badness 10000) in paragraph at lines 78--87
[]\OT1/cmr/m/it/12 Numerical Dif-fe-ren-ti-al Equa-ti-on Me-thods\OT1/cmr/m/n/12 , chap-ter 2, pa-ges 55--142.
 []


Underfull \hbox (badness 6461) in paragraph at lines 78--87
\OT1/cmr/m/n/12 John Wi-ley & Sons, Ltd, 2016.  URL: []$\OT1/cmtt/m/n/12 https : / / onlinelibrary .
 []


Underfull \hbox (badness 10000) in paragraph at lines 78--87
\OT1/cmtt/m/n/12 wiley . com / doi / abs / 10 . 1002 / 9781119121534 . ch2$[]\OT1/cmr/m/n/12 , []$\OT1/cmtt/m/n/12 arXiv : https :
 []


Underfull \hbox (badness 10000) in paragraph at lines 78--87
\OT1/cmtt/m/n/12 / / onlinelibrary . wiley . com / doi / pdf / 10 . 1002 / 9781119121534 . ch2$[]\OT1/cmr/m/n/12 ,
 []

) [28] [29


] (bericht.aux)
Package rerunfilecheck Info: File `bericht.out' has not changed.
(rerunfilecheck)             Checksum: D41D8CD98F00B204E9800998ECF8427E;0.
 ) 
Here is how much of TeX's memory you used:
 33360 strings out of 478593
 696240 string characters out of 2844604
 1256905 words of memory out of 3000000
 50842 multiletter control sequences out of 15000+600000
 486105 words of font info for 71 fonts, out of 8000000 for 9000
 1141 hyphenation exceptions out of 8191
 125i,12n,120p,10682b,1640s stack positions out of 5000i,500n,10000p,200000b,80000s
 <C:\Users\berke\AppData\Local\MiKTeX\fonts/pk/ljfour/jknappen/ec/dpi600\tcrm1000.pk> <C:\Users\berke\AppData\Local\MiKTeX\fonts/pk/ljfour/jknappen/ec/dpi600\tcrm1200.pk>{C:/Users/berke/AppData/Local/Programs/MiKTeX/fonts/enc/dvips/base/8r.enc}<C:/Users/berke/AppData/Local/Programs/MiKTeX/fonts/type1/public/amsfonts/cm/cmbx12.pfb><C:/Users/berke/AppData/Local/Programs/MiKTeX/fonts/type1/public/amsfonts/cm/cmmi10.pfb><C:/Users/berke/AppData/Local/Programs/MiKTeX/fonts/type1/public/amsfonts/cm/cmmi12.pfb><C:/Users/berke/AppData/Local/Programs/MiKTeX/fonts/type1/public/amsfonts/cm/cmmi6.pfb><C:/Users/berke/AppData/Local/Programs/MiKTeX/fonts/type1/public/amsfonts/cm/cmmi8.pfb><C:/Users/berke/AppData/Local/Programs/MiKTeX/fonts/type1/public/amsfonts/cm/cmr10.pfb><C:/Users/berke/AppData/Local/Programs/MiKTeX/fonts/type1/public/amsfonts/cm/cmr12.pfb><C:/Users/berke/AppData/Local/Programs/MiKTeX/fonts/type1/public/amsfonts/cm/cmr6.pfb><C:/Users/berke/AppData/Local/Programs/MiKTeX/fonts/type1/public/amsfonts/cm/cmr8.pfb><C:/Users/berke/AppData/Local/Programs/MiKTeX/fonts/type1/public/amsfonts/cm/cmss10.pfb><C:/Users/berke/AppData/Local/Programs/MiKTeX/fonts/type1/public/amsfonts/cm/cmssbx10.pfb><C:/Users/berke/AppData/Local/Programs/MiKTeX/fonts/type1/public/amsfonts/cm/cmsy10.pfb><C:/Users/berke/AppData/Local/Programs/MiKTeX/fonts/type1/public/amsfonts/cm/cmsy8.pfb><C:/Users/berke/AppData/Local/Programs/MiKTeX/fonts/type1/public/amsfonts/cm/cmti12.pfb><C:/Users/berke/AppData/Local/Programs/MiKTeX/fonts/type1/public/amsfonts/cm/cmtt12.pfb><C:/Users/berke/AppData/Local/Programs/MiKTeX/fonts/type1/public/amsfonts/symbols/msbm10.pfb><C:/Users/berke/AppData/Local/Programs/MiKTeX/fonts/type1/urw/helvetic/uhvb8a.pfb><C:/Users/berke/AppData/Local/Programs/MiKTeX/fonts/type1/urw/helvetic/uhvr8a.pfb>
Output written on bericht.pdf (29 pages, 1346394 bytes).
PDF statistics:
 592 PDF objects out of 1000 (max. 8388607)
 146 named destinations out of 1000 (max. 500000)
 253 words of extra memory for PDF output out of 10000 (max. 10000000)

